<?xml version="1.0" encoding="UTF-8"?>
<!-- Generated by org.testng.reporters.JUnitXMLReporter -->
<testsuite ignored="0" hostname="LAPTOP-GUP4OP6Q" failures="0" tests="3" name="Default test" time="0.078" errors="0" timestamp="2023-05-27T12:46:53 IST">
  <testcase classname="com.dataprovider.com.DemoDataProvider" name="loginTest" time="0.007"/>
  <testcase classname="com.dataprovider.com.DemoDataProvider" name="loginTest" time="0.002"/>
  <testcase classname="com.dataprovider.com.DemoDataProvider" name="loginTest" time="0.001"/>
</testsuite> <!-- Default test -->
