<?xml version="1.0" encoding="UTF-8"?>
<testng-results ignored="0" total="3" passed="3" failed="0" skipped="0">
  <reporter-output>
  </reporter-output>
  <suite started-at="2023-05-27T12:46:53 IST" name="Default suite" finished-at="2023-05-27T12:46:53 IST" duration-ms="78">
    <groups>
    </groups>
    <test started-at="2023-05-27T12:46:53 IST" name="Default test" finished-at="2023-05-27T12:46:53 IST" duration-ms="78">
      <class name="com.dataprovider.com.DemoDataProvider">
        <test-method signature="loginTest(int,java.lang.String,java.lang.String)[pri:1, instance:com.dataprovider.com.DemoDataProvider@13b13b5d]" started-at="2023-05-27T12:46:53 IST" name="loginTest" data-provider="testdata" finished-at="2023-05-27T12:46:53 IST" duration-ms="7" status="PASS">
          <params>
            <param index="0">
              <value>
                <![CDATA[9]]>
              </value>
            </param>
            <param index="1">
              <value>
                <![CDATA[dinesh]]>
              </value>
            </param>
            <param index="2">
              <value>
                <![CDATA[123]]>
              </value>
            </param>
          </params>
          <reporter-output>
          </reporter-output>
        </test-method> <!-- loginTest -->
        <test-method signature="loginTest(int,java.lang.String,java.lang.String)[pri:1, instance:com.dataprovider.com.DemoDataProvider@13b13b5d]" started-at="2023-05-27T12:46:53 IST" name="loginTest" data-provider="testdata" finished-at="2023-05-27T12:46:53 IST" duration-ms="2" status="PASS">
          <params>
            <param index="0">
              <value>
                <![CDATA[8]]>
              </value>
            </param>
            <param index="1">
              <value>
                <![CDATA[onkar]]>
              </value>
            </param>
            <param index="2">
              <value>
                <![CDATA[456]]>
              </value>
            </param>
          </params>
          <reporter-output>
          </reporter-output>
        </test-method> <!-- loginTest -->
        <test-method signature="loginTest(int,java.lang.String,java.lang.String)[pri:1, instance:com.dataprovider.com.DemoDataProvider@13b13b5d]" started-at="2023-05-27T12:46:53 IST" name="loginTest" data-provider="testdata" finished-at="2023-05-27T12:46:53 IST" duration-ms="1" status="PASS">
          <params>
            <param index="0">
              <value>
                <![CDATA[7]]>
              </value>
            </param>
            <param index="1">
              <value>
                <![CDATA[rohit]]>
              </value>
            </param>
            <param index="2">
              <value>
                <![CDATA[789]]>
              </value>
            </param>
          </params>
          <reporter-output>
          </reporter-output>
        </test-method> <!-- loginTest -->
      </class> <!-- com.dataprovider.com.DemoDataProvider -->
    </test> <!-- Default test -->
  </suite> <!-- Default suite -->
</testng-results>
